[debug] [2021-07-04T14:49:16.603Z] ----------------------------------------------------------------------
[debug] [2021-07-04T14:49:16.605Z] Command:       C:\Program Files\nodejs\node.exe C:\Users\DINESH S\AppData\Roaming\npm\node_modules\firebase-tools\lib\bin\firebase.js init
[debug] [2021-07-04T14:49:16.605Z] CLI Version:   9.14.0
[debug] [2021-07-04T14:49:16.605Z] Platform:      win32
[debug] [2021-07-04T14:49:16.605Z] Node Version:  v12.13.1
[debug] [2021-07-04T14:49:16.619Z] Time:          Sun Jul 04 2021 20:19:16 GMT+0530 (India Standard Time)
[debug] [2021-07-04T14:49:16.619Z] ----------------------------------------------------------------------
[debug] 
[debug] [2021-07-04T14:49:16.625Z] > command requires scopes: ["email","openid","https://www.googleapis.com/auth/cloudplatformprojects.readonly","https://www.googleapis.com/auth/firebase","https://www.googleapis.com/auth/cloud-platform"]
[debug] [2021-07-04T14:49:16.625Z] > authorizing via signed-in user (dinisellappan@gmail.com)
[info] 
     ######## #### ########  ######## ########     ###     ######  ########
     ##        ##  ##     ## ##       ##     ##  ##   ##  ##       ##
     ######    ##  ########  ######   ########  #########  ######  ######
     ##        ##  ##    ##  ##       ##     ## ##     ##       ## ##
     ##       #### ##     ## ######## ########  ##     ##  ######  ########

You're about to initialize a Firebase project in this directory:

  F:\angularcompany\incomemanager

Before we get started, keep in mind:

  * You are initializing within an existing Firebase project directory

[info] 
=== Project Setup
[info] 
[info] First, let's associate this project directory with a Firebase project.
[info] You can create multiple project aliases by running firebase use --add, 
[info] but for now we'll just set up a default project.
[info] 
[info] i  .firebaserc already has a default project, using linksaver-3202a. 
[debug] [2021-07-04T14:49:21.922Z] >>> [apiv2][query] GET https://firebase.googleapis.com/v1beta1/projects/linksaver-3202a [none]
[debug] [2021-07-04T14:49:22.737Z] <<< [apiv2][status] GET https://firebase.googleapis.com/v1beta1/projects/linksaver-3202a 200
[debug] [2021-07-04T14:49:22.738Z] <<< [apiv2][body] GET https://firebase.googleapis.com/v1beta1/projects/linksaver-3202a {"projectId":"linksaver-3202a","projectNumber":"375365516443","displayName":"LinkSaver","name":"projects/linksaver-3202a","resources":{"hostingSite":"linksaver-3202a","realtimeDatabaseInstance":"linksaver-3202a-default-rtdb","storageBucket":"linksaver-3202a.appspot.com","locationId":"us-central"},"state":"ACTIVE"}
[info] 
=== Hosting Setup
[info] 
[info] Your public directory is the folder (relative to your project directory) that
[info] will contain Hosting assets to be uploaded with firebase deploy. If you
[info] have a build process for your assets, use your build's output directory.
[info] 
[debug] [2021-07-04T14:49:28.324Z] Error: ENOENT: no such file or directory, open 'F:\angularcompany\incomemanager\y\404.html'
    at Object.openSync (fs.js:440:3)
    at Object.writeFileSync (fs.js:1265:35)
    at Object.createFileSync (C:\Users\DINESH S\AppData\Roaming\npm\node_modules\firebase-tools\node_modules\fs-extra\lib\ensure\file.js:43:6)
    at Config.writeProjectFile (C:\Users\DINESH S\AppData\Roaming\npm\node_modules\firebase-tools\lib\config.js:142:12)
    at C:\Users\DINESH S\AppData\Roaming\npm\node_modules\firebase-tools\lib\config.js:160:22
    at processTicksAndRejections (internal/process/task_queues.js:93:5)
[error] 
[error] Error: An unexpected error has occurred.
[debug] [2021-07-04T14:54:41.585Z] ----------------------------------------------------------------------
[debug] [2021-07-04T14:54:41.588Z] Command:       C:\Program Files\nodejs\node.exe C:\Users\DINESH S\AppData\Roaming\npm\node_modules\firebase-tools\lib\bin\firebase.js init
[debug] [2021-07-04T14:54:41.588Z] CLI Version:   9.14.0
[debug] [2021-07-04T14:54:41.588Z] Platform:      win32
[debug] [2021-07-04T14:54:41.588Z] Node Version:  v12.13.1
[debug] [2021-07-04T14:54:41.602Z] Time:          Sun Jul 04 2021 20:24:41 GMT+0530 (India Standard Time)
[debug] [2021-07-04T14:54:41.602Z] ----------------------------------------------------------------------
[debug] 
[debug] [2021-07-04T14:54:41.608Z] > command requires scopes: ["email","openid","https://www.googleapis.com/auth/cloudplatformprojects.readonly","https://www.googleapis.com/auth/firebase","https://www.googleapis.com/auth/cloud-platform"]
[debug] [2021-07-04T14:54:41.608Z] > authorizing via signed-in user (dinisellappan@gmail.com)
[info] 
     ######## #### ########  ######## ########     ###     ######  ########
     ##        ##  ##     ## ##       ##     ##  ##   ##  ##       ##
     ######    ##  ########  ######   ########  #########  ######  ######
     ##        ##  ##    ##  ##       ##     ## ##     ##       ## ##
     ##       #### ##     ## ######## ########  ##     ##  ######  ########

You're about to initialize a Firebase project in this directory:

  F:\angularcompany\incomemanager

Before we get started, keep in mind:

  * You are initializing within an existing Firebase project directory

[info] 
=== Project Setup
[info] 
[info] First, let's associate this project directory with a Firebase project.
[info] You can create multiple project aliases by running firebase use --add, 
[info] but for now we'll just set up a default project.
[info] 
[info] i  .firebaserc already has a default project, using linksaver-3202a. 
[debug] [2021-07-04T14:54:47.810Z] >>> [apiv2][query] GET https://firebase.googleapis.com/v1beta1/projects/linksaver-3202a [none]
[debug] [2021-07-04T14:54:48.546Z] <<< [apiv2][status] GET https://firebase.googleapis.com/v1beta1/projects/linksaver-3202a 200
[debug] [2021-07-04T14:54:48.546Z] <<< [apiv2][body] GET https://firebase.googleapis.com/v1beta1/projects/linksaver-3202a {"projectId":"linksaver-3202a","projectNumber":"375365516443","displayName":"LinkSaver","name":"projects/linksaver-3202a","resources":{"hostingSite":"linksaver-3202a","realtimeDatabaseInstance":"linksaver-3202a-default-rtdb","storageBucket":"linksaver-3202a.appspot.com","locationId":"us-central"},"state":"ACTIVE"}
[info] 
=== Hosting:github Setup
[info] 
[info] i  Detected a .git folder at F:\angularcompany\incomemanager 
[info] i  Authorizing with GitHub to upload your service account to a GitHub repository's secrets store. 
[info] 
[info] Visit this URL on this device to log in:
[info] https://github.com/login/oauth/authorize?client_id=89cf50f02ac6aaed3484&state=508243340&redirect_uri=http%3A%2F%2Flocalhost%3A9005&scope=read%3Auser%20repo%20public_repo
[info] 
[info] Waiting for authentication...
[debug] [2021-07-04T14:55:31.147Z] ----------------------------------------------------------------------
[debug] [2021-07-04T14:55:31.148Z] Command:       C:\Program Files\nodejs\node.exe C:\Users\DINESH S\AppData\Roaming\npm\node_modules\firebase-tools\lib\bin\firebase.js init
[debug] [2021-07-04T14:55:31.149Z] CLI Version:   9.14.0
[debug] [2021-07-04T14:55:31.149Z] Platform:      win32
[debug] [2021-07-04T14:55:31.149Z] Node Version:  v12.13.1
[debug] [2021-07-04T14:55:31.162Z] Time:          Sun Jul 04 2021 20:25:31 GMT+0530 (India Standard Time)
[debug] [2021-07-04T14:55:31.163Z] ----------------------------------------------------------------------
[debug] 
[debug] [2021-07-04T14:55:31.169Z] > command requires scopes: ["email","openid","https://www.googleapis.com/auth/cloudplatformprojects.readonly","https://www.googleapis.com/auth/firebase","https://www.googleapis.com/auth/cloud-platform"]
[debug] [2021-07-04T14:55:31.169Z] > authorizing via signed-in user (dinisellappan@gmail.com)
[info] 
     ######## #### ########  ######## ########     ###     ######  ########
     ##        ##  ##     ## ##       ##     ##  ##   ##  ##       ##
     ######    ##  ########  ######   ########  #########  ######  ######
     ##        ##  ##    ##  ##       ##     ## ##     ##       ## ##
     ##       #### ##     ## ######## ########  ##     ##  ######  ########

You're about to initialize a Firebase project in this directory:

  F:\angularcompany\incomemanager

Before we get started, keep in mind:

  * You are initializing within an existing Firebase project directory

[info] 
=== Project Setup
[info] 
[info] First, let's associate this project directory with a Firebase project.
[info] You can create multiple project aliases by running firebase use --add, 
[info] but for now we'll just set up a default project.
[info] 
[info] i  .firebaserc already has a default project, using linksaver-3202a. 
[debug] [2021-07-04T14:55:38.736Z] >>> [apiv2][query] GET https://firebase.googleapis.com/v1beta1/projects/linksaver-3202a [none]
[debug] [2021-07-04T14:55:40.450Z] <<< [apiv2][status] GET https://firebase.googleapis.com/v1beta1/projects/linksaver-3202a 200
[debug] [2021-07-04T14:55:40.451Z] <<< [apiv2][body] GET https://firebase.googleapis.com/v1beta1/projects/linksaver-3202a {"projectId":"linksaver-3202a","projectNumber":"375365516443","displayName":"LinkSaver","name":"projects/linksaver-3202a","resources":{"hostingSite":"linksaver-3202a","realtimeDatabaseInstance":"linksaver-3202a-default-rtdb","storageBucket":"linksaver-3202a.appspot.com","locationId":"us-central"},"state":"ACTIVE"}
[info] 
=== Hosting Setup
[info] 
[info] Your public directory is the folder (relative to your project directory) that
[info] will contain Hosting assets to be uploaded with firebase deploy. If you
[info] have a build process for your assets, use your build's output directory.
[info] 
[debug] [2021-07-04T14:56:48.438Z] Error: ENOENT: no such file or directory, open 'F:\angularcompany\incomemanager\y\404.html'
    at Object.openSync (fs.js:440:3)
    at Object.writeFileSync (fs.js:1265:35)
    at Object.createFileSync (C:\Users\DINESH S\AppData\Roaming\npm\node_modules\firebase-tools\node_modules\fs-extra\lib\ensure\file.js:43:6)
    at Config.writeProjectFile (C:\Users\DINESH S\AppData\Roaming\npm\node_modules\firebase-tools\lib\config.js:142:12)
    at C:\Users\DINESH S\AppData\Roaming\npm\node_modules\firebase-tools\lib\config.js:160:22
    at processTicksAndRejections (internal/process/task_queues.js:93:5)
[error] 
[error] Error: An unexpected error has occurred.
